<?xml version="1.0" encoding="UTF-8"?>
<testng-results ignored="0" total="1" passed="1" failed="0" skipped="0">
  <reporter-output>
  </reporter-output>
  <suite started-at="2021-08-03T11:52:20 EDT" name="Default suite" finished-at="2021-08-03T11:52:31 EDT" duration-ms="10532">
    <groups>
      <group name="cucumber">
        <method signature="AbstractTestNGCucumberTests.feature(cucumber.api.testng.CucumberFeatureWrapper)[pri:0, instance:com.bangladesh.TestRunner.TestRunner_BD@65f095f8]" name="feature" class="cucumber.api.testng.AbstractTestNGCucumberTests"/>
      </group> <!-- cucumber -->
    </groups>
    <test started-at="2021-08-03T11:52:20 EDT" name="Default test" finished-at="2021-08-03T11:52:31 EDT" duration-ms="10532">
      <class name="com.bangladesh.TestRunner.TestRunner_BD">
        <test-method is-config="true" signature="LaunchApplicationURL()[pri:0, instance:com.bangladesh.TestRunner.TestRunner_BD@65f095f8]" started-at="2021-08-03T11:52:20 EDT" name="LaunchApplicationURL" finished-at="2021-08-03T11:52:23 EDT" duration-ms="2308" status="PASS">
          <reporter-output>
          </reporter-output>
        </test-method> <!-- LaunchApplicationURL -->
        <test-method is-config="true" signature="setUpClass()[pri:0, instance:com.bangladesh.TestRunner.TestRunner_BD@65f095f8]" started-at="2021-08-03T11:52:23 EDT" name="setUpClass" finished-at="2021-08-03T11:52:23 EDT" duration-ms="166" status="PASS">
          <reporter-output>
          </reporter-output>
        </test-method> <!-- setUpClass -->
        <test-method signature="feature(cucumber.api.testng.CucumberFeatureWrapper)[pri:0, instance:com.bangladesh.TestRunner.TestRunner_BD@65f095f8]" started-at="2021-08-03T11:52:23 EDT" name="feature" description="Runs Cucumber Feature" data-provider="features" finished-at="2021-08-03T11:52:30 EDT" duration-ms="7190" status="PASS">
          <params>
            <param index="0">
              <value>
                <![CDATA[Login]]>
              </value>
            </param>
          </params>
          <reporter-output>
          </reporter-output>
        </test-method> <!-- feature -->
        <test-method is-config="true" signature="tearDownClass()[pri:0, instance:com.bangladesh.TestRunner.TestRunner_BD@65f095f8]" started-at="2021-08-03T11:52:30 EDT" name="tearDownClass" finished-at="2021-08-03T11:52:30 EDT" duration-ms="9" status="PASS">
          <reporter-output>
          </reporter-output>
        </test-method> <!-- tearDownClass -->
        <test-method is-config="true" signature="CloseApplicationURL()[pri:0, instance:com.bangladesh.TestRunner.TestRunner_BD@65f095f8]" started-at="2021-08-03T11:52:30 EDT" name="CloseApplicationURL" finished-at="2021-08-03T11:52:31 EDT" duration-ms="729" status="PASS">
          <reporter-output>
          </reporter-output>
        </test-method> <!-- CloseApplicationURL -->
      </class> <!-- com.bangladesh.TestRunner.TestRunner_BD -->
    </test> <!-- Default test -->
  </suite> <!-- Default suite -->
</testng-results>
